<?xml version="1.0" encoding="UTF-8"?>
<!-- Generated by org.testng.reporters.JUnitReportReporter -->
<testsuite hostname="himanshu-Latitude-7490" failures="0" tests="2" name="easyshop.ProductDescriptionTest" time="12.463" errors="0" timestamp="2024-11-26T13:55:26 IST" skipped="0">
  <testcase classname="easyshop.ProductDescriptionTest" name="productDescriptionTest" time="6.166"/>
  <system-out>
    <![CDATA[=============== Validated Product Description Functionality===============]]>
  </system-out>
  <testcase classname="easyshop.ProductDescriptionTest" name="productDescriptionTest" time="6.297"/>
  <system-out>
    <![CDATA[=============== Validated Product Description Functionality===============]]>
  </system-out>
</testsuite> <!-- easyshop.ProductDescriptionTest -->
