<?xml version="1.0" encoding="UTF-8"?>
<!-- Generated by org.testng.reporters.JUnitReportReporter -->
<testsuite hostname="himanshu-Latitude-7490" failures="0" tests="2" name="easyshop.ProductDescriptionTest" time="10.543" errors="0" timestamp="2024-11-11T13:24:37 IST" skipped="0">
  <testcase classname="easyshop.ProductDescriptionTest" name="productDescriptionTest" time="5.408"/>
  <system-out>
    <![CDATA[=============== Validated Product Description Functionality===============]]>
  </system-out>
  <testcase classname="easyshop.ProductDescriptionTest" name="productDescriptionTest" time="5.135"/>
  <system-out>
    <![CDATA[=============== Validated Product Description Functionality===============]]>
  </system-out>
</testsuite> <!-- easyshop.ProductDescriptionTest -->
