<?xml version="1.0" encoding="UTF-8"?>
<!-- Generated by org.testng.reporters.JUnitReportReporter -->
<testsuite hostname="himanshu-Latitude-7490" failures="0" tests="2" name="easyshop.EditProfileTest" time="12.709" errors="0" timestamp="2024-11-26T13:55:26 IST" skipped="0">
  <testcase classname="easyshop.EditProfileTest" name="editProfileTest" time="5.889"/>
  <system-out>
    <![CDATA[=============== Validated Edit Profile Functionality===============]]>
  </system-out>
  <testcase classname="easyshop.EditProfileTest" name="editProfileTest" time="6.820"/>
  <system-out>
    <![CDATA[=============== Validated Edit Profile Functionality===============]]>
  </system-out>
</testsuite> <!-- easyshop.EditProfileTest -->
