<?xml version="1.0" encoding="UTF-8"?>
<!-- Generated by org.testng.reporters.JUnitReportReporter -->
<testsuite hostname="himanshu-Latitude-7490" failures="0" tests="1" name="easyshop.ProceedToCheckoutTest" time="6.306" errors="0" timestamp="2024-11-12T16:13:57 IST" skipped="0">
  <testcase classname="easyshop.ProceedToCheckoutTest" name="proceedToCheckoutTest" time="6.306"/>
  <system-out>
    <![CDATA[===============Validated The Proceed To Checkout Functionality===============]]>
  </system-out>
</testsuite> <!-- easyshop.ProceedToCheckoutTest -->
