<?xml version="1.0" encoding="UTF-8"?>
<!-- Generated by org.testng.reporters.JUnitReportReporter -->
<testsuite hostname="himanshu-Latitude-7490" failures="0" tests="2" name="easyshop.AdminAddAProductE2ETest" time="36.225" errors="0" timestamp="2024-11-26T13:55:26 IST" skipped="0">
  <testcase classname="easyshop.AdminAddAProductE2ETest" name="adminAddAProductE2ETest" time="18.507"/>
  <system-out>
    <![CDATA[===============Validated Admin Add A Product And Availability For User===============]]>
  </system-out>
  <testcase classname="easyshop.AdminAddAProductE2ETest" name="adminAddAProductE2ETest" time="17.718"/>
  <system-out>
    <![CDATA[===============Validated Admin Add A Product And Availability For User===============]]>
  </system-out>
</testsuite> <!-- easyshop.AdminAddAProductE2ETest -->
