<?xml version="1.0" encoding="UTF-8"?>
<!-- Generated by org.testng.reporters.JUnitReportReporter -->
<testsuite hostname="himanshu-Latitude-7490" failures="0" tests="1" name="easyshop.SearchFieldTest" time="4.650" errors="0" timestamp="2024-11-08T18:43:30 IST" skipped="0">
  <testcase classname="easyshop.SearchFieldTest" name="searchFieldTest" time="4.650"/>
  <system-out/>
</testsuite> <!-- easyshop.SearchFieldTest -->
