<?xml version="1.0" encoding="UTF-8"?>
<!-- Generated by org.testng.reporters.JUnitReportReporter -->
<testsuite hostname="himanshu-Latitude-7490" failures="0" tests="2" name="easyshop.EditProfileTest" time="11.443" errors="0" timestamp="2024-11-11T13:24:37 IST" skipped="0">
  <testcase classname="easyshop.EditProfileTest" name="editProfileTest" time="5.879"/>
  <system-out>
    <![CDATA[=============== Validated Edit Profile Functionality===============]]>
  </system-out>
  <testcase classname="easyshop.EditProfileTest" name="editProfileTest" time="5.564"/>
  <system-out>
    <![CDATA[=============== Validated Edit Profile Functionality===============]]>
  </system-out>
</testsuite> <!-- easyshop.EditProfileTest -->
