<?xml version="1.0" encoding="UTF-8"?>
<!-- Generated by org.testng.reporters.JUnitReportReporter -->
<testsuite hostname="himanshu-Latitude-7490" failures="0" tests="1" name="easyshop.LoginToPageTest" time="13.887" errors="0" timestamp="2024-11-08T18:03:06 IST" skipped="0">
  <testcase classname="easyshop.LoginToPageTest" name="loginToPageTest" time="13.887"/>
  <system-out>
    <![CDATA[=============== Verified Login Into The EasyShop WebApp Page===============]]>
  </system-out>
</testsuite> <!-- easyshop.LoginToPageTest -->
