<?xml version="1.0" encoding="UTF-8"?>
<!-- Generated by org.testng.reporters.JUnitReportReporter -->
<testsuite hostname="himanshu-Latitude-7490" failures="0" tests="2" name="easyshop.LoginTest" time="7.773" errors="0" timestamp="2024-11-11T13:24:37 IST" skipped="0">
  <testcase classname="easyshop.LoginTest" name="loginTest" time="4.085"/>
  <system-out>
    <![CDATA[=============== Validated Login Functionality===============]]>
  </system-out>
  <testcase classname="easyshop.LoginTest" name="loginTest" time="3.688"/>
  <system-out>
    <![CDATA[=============== Validated Login Functionality===============]]>
  </system-out>
</testsuite> <!-- easyshop.LoginTest -->
