<?xml version="1.0" encoding="UTF-8"?>
<!-- Generated by org.testng.reporters.JUnitReportReporter -->
<testsuite hostname="himanshu-Latitude-7490" failures="0" tests="2" name="easyshop.SearchFieldWithCategoryTest" time="14.697" errors="0" timestamp="2024-11-26T13:55:26 IST" skipped="0">
  <testcase classname="easyshop.SearchFieldWithCategoryTest" name="searchFieldWithCategoryTest" time="7.526"/>
  <system-out>
    <![CDATA[=============== Validated Search Field Functionality Of A Category===============]]>
  </system-out>
  <testcase classname="easyshop.SearchFieldWithCategoryTest" name="searchFieldWithCategoryTest" time="7.171"/>
  <system-out>
    <![CDATA[=============== Validated Search Field Functionality Of A Category===============]]>
  </system-out>
</testsuite> <!-- easyshop.SearchFieldWithCategoryTest -->
