<?xml version="1.0" encoding="UTF-8"?>
<!-- Generated by org.testng.reporters.JUnitReportReporter -->
<testsuite hostname="himanshu-Latitude-7490" failures="0" tests="2" name="easyshop.LoginTest" time="8.042" errors="0" timestamp="2024-11-26T13:55:26 IST" skipped="0">
  <testcase classname="easyshop.LoginTest" name="loginTest" time="4.044"/>
  <system-out>
    <![CDATA[=============== Validated Login Functionality===============]]>
  </system-out>
  <testcase classname="easyshop.LoginTest" name="loginTest" time="3.998"/>
  <system-out>
    <![CDATA[=============== Validated Login Functionality===============]]>
  </system-out>
</testsuite> <!-- easyshop.LoginTest -->
