<?xml version="1.0" encoding="UTF-8"?>
<!-- Generated by org.testng.reporters.JUnitReportReporter -->
<testsuite hostname="himanshu-Latitude-7490" failures="0" tests="2" name="easyshop.SearchFieldWithProductTest" time="11.246" errors="0" timestamp="2024-11-26T13:55:26 IST" skipped="0">
  <testcase classname="easyshop.SearchFieldWithProductTest" name="searchFieldWithProductTest" time="5.581"/>
  <system-out>
    <![CDATA[=============== Validated Search Field Functionality Of A Product===============]]>
  </system-out>
  <testcase classname="easyshop.SearchFieldWithProductTest" name="searchFieldWithProductTest" time="5.665"/>
  <system-out>
    <![CDATA[=============== Validated Search Field Functionality Of A Product===============]]>
  </system-out>
</testsuite> <!-- easyshop.SearchFieldWithProductTest -->
