<?xml version="1.0" encoding="UTF-8"?>
<!-- Generated by org.testng.reporters.JUnitReportReporter -->
<testsuite hostname="himanshu-Latitude-7490" failures="0" tests="2" name="easyshop.ProceedToCheckoutTest" time="16.479" errors="0" timestamp="2024-11-26T13:55:26 IST" skipped="0">
  <testcase classname="easyshop.ProceedToCheckoutTest" name="proceedToCheckoutTest" time="8.242"/>
  <system-out>
    <![CDATA[===============Validated The Proceed To Checkout Functionality===============]]>
  </system-out>
  <testcase classname="easyshop.ProceedToCheckoutTest" name="proceedToCheckoutTest" time="8.237"/>
  <system-out>
    <![CDATA[===============Validated The Proceed To Checkout Functionality===============]]>
  </system-out>
</testsuite> <!-- easyshop.ProceedToCheckoutTest -->
