<?xml version="1.0" encoding="UTF-8"?>
<!-- Generated by org.testng.reporters.JUnitReportReporter -->
<testsuite hostname="himanshu-Latitude-7490" failures="0" tests="2" name="easyshop.SearchFieldWithProductTest" time="8.949" errors="0" timestamp="2024-11-11T13:24:37 IST" skipped="0">
  <testcase classname="easyshop.SearchFieldWithProductTest" name="searchFieldWithProductTest" time="4.266"/>
  <system-out>
    <![CDATA[=============== Validated Search Field Functionality Of A Product===============]]>
  </system-out>
  <testcase classname="easyshop.SearchFieldWithProductTest" name="searchFieldWithProductTest" time="4.683"/>
  <system-out>
    <![CDATA[=============== Validated Search Field Functionality Of A Product===============]]>
  </system-out>
</testsuite> <!-- easyshop.SearchFieldWithProductTest -->
