<?xml version="1.0" encoding="UTF-8"?>
<!-- Generated by org.testng.reporters.JUnitReportReporter -->
<testsuite hostname="himanshu-Latitude-7490" failures="0" tests="1" name="easyshop.ProceedToCheckoutTest" time="7.678" errors="0" timestamp="2024-11-12T11:36:04 IST" skipped="0">
  <testcase classname="easyshop.ProceedToCheckoutTest" name="proceedToCheckoutTest" time="7.678"/>
  <system-out/>
</testsuite> <!-- easyshop.ProceedToCheckoutTest -->
