<?xml version="1.0" encoding="UTF-8"?>
<!-- Generated by org.testng.reporters.JUnitReportReporter -->
<testsuite hostname="himanshu-Latitude-7490" failures="0" tests="2" name="easyshop.AddProductToWishlistTest" time="31.690" errors="0" timestamp="2024-11-11T13:24:37 IST" skipped="0">
  <testcase classname="easyshop.AddProductToWishlistTest" name="addProductToWishlistTest" time="15.980"/>
  <system-out>
    <![CDATA[Element is not available, it means that the wishlist is not empty
===============Validated the Add Product To Wishlist Functionality===============]]>
  </system-out>
  <testcase classname="easyshop.AddProductToWishlistTest" name="addProductToWishlistTest" time="15.710"/>
  <system-out>
    <![CDATA[Element is not available, it means that the wishlist is not empty
===============Validated the Add Product To Wishlist Functionality===============]]>
  </system-out>
</testsuite> <!-- easyshop.AddProductToWishlistTest -->
